[debug] [2025-12-31T03:18:47.242Z] > command requires scopes: ["email","openid","https://www.googleapis.com/auth/cloudplatformprojects.readonly","https://www.googleapis.com/auth/firebase","https://www.googleapis.com/auth/cloud-platform"]
[debug] [2025-12-31T03:18:47.243Z] > authorizing via signed-in user (roy@ycse.kr)
[debug] [2025-12-31T03:18:47.243Z] > command requires scopes: ["email","openid","https://www.googleapis.com/auth/cloudplatformprojects.readonly","https://www.googleapis.com/auth/firebase","https://www.googleapis.com/auth/cloud-platform"]
[debug] [2025-12-31T03:18:47.243Z] > authorizing via signed-in user (roy@ycse.kr)
[debug] [2025-12-31T03:18:47.243Z] Checked if tokens are valid: true, expires at: 1767154406342
[debug] [2025-12-31T03:18:47.244Z] Checked if tokens are valid: true, expires at: 1767154406342
[debug] [2025-12-31T03:18:47.244Z] Checked if tokens are valid: true, expires at: 1767154406342
[debug] [2025-12-31T03:18:47.244Z] Checked if tokens are valid: true, expires at: 1767154406342
[debug] [2025-12-31T03:18:47.244Z] > command requires scopes: ["email","openid","https://www.googleapis.com/auth/cloudplatformprojects.readonly","https://www.googleapis.com/auth/firebase","https://www.googleapis.com/auth/cloud-platform"]
[debug] [2025-12-31T03:18:47.244Z] > authorizing via signed-in user (roy@ycse.kr)
[debug] [2025-12-31T03:18:47.244Z] Checked if tokens are valid: true, expires at: 1767154406342
[debug] [2025-12-31T03:18:47.244Z] Checked if tokens are valid: true, expires at: 1767154406342
[debug] [2025-12-31T03:18:47.244Z] >>> [apiv2][query] GET https://cloudbilling.googleapis.com/v1/projects/darksaju/billingInfo [none]
[debug] [2025-12-31T03:18:47.245Z] >>> [apiv2][query] GET https://cloudbilling.googleapis.com/v1/projects/darksaju/billingInfo [none]
[debug] [2025-12-31T03:18:47.245Z] >>> [apiv2][query] GET https://cloudbilling.googleapis.com/v1/projects/darksaju/billingInfo [none]
[debug] [2025-12-31T03:18:48.417Z] <<< [apiv2][status] GET https://cloudbilling.googleapis.com/v1/projects/darksaju/billingInfo 200
[debug] [2025-12-31T03:18:48.418Z] <<< [apiv2][body] GET https://cloudbilling.googleapis.com/v1/projects/darksaju/billingInfo {"name":"projects/darksaju/billingInfo","projectId":"darksaju","billingAccountName":"billingAccounts/01F566-063FB8-11948C","billingEnabled":true}
[debug] [2025-12-31T03:18:48.421Z] Checked if tokens are valid: true, expires at: 1767154406342
[debug] [2025-12-31T03:18:48.421Z] Checked if tokens are valid: true, expires at: 1767154406342
[debug] [2025-12-31T03:18:48.421Z] Checked if tokens are valid: true, expires at: 1767154406342
[debug] [2025-12-31T03:18:48.421Z] Checked if tokens are valid: true, expires at: 1767154406342
[debug] [2025-12-31T03:18:48.425Z] Checked if tokens are valid: true, expires at: 1767154406342
[debug] [2025-12-31T03:18:48.425Z] Checked if tokens are valid: true, expires at: 1767154406342
[debug] [2025-12-31T03:18:48.425Z] Checked if tokens are valid: true, expires at: 1767154406342
[debug] [2025-12-31T03:18:48.425Z] Checked if tokens are valid: true, expires at: 1767154406342
[debug] [2025-12-31T03:18:48.425Z] >>> [apiv2][query] GET https://serviceusage.googleapis.com/v1/projects/darksaju/services/firebasedataconnect.googleapis.com [none]
[debug] [2025-12-31T03:18:48.425Z] >>> [apiv2][(partial)header] GET https://serviceusage.googleapis.com/v1/projects/darksaju/services/firebasedataconnect.googleapis.com x-goog-quota-user=projects/darksaju
[debug] [2025-12-31T03:18:48.426Z] >>> [apiv2][query] GET https://serviceusage.googleapis.com/v1/projects/darksaju/services/cloudfunctions.googleapis.com [none]
[debug] [2025-12-31T03:18:48.426Z] >>> [apiv2][(partial)header] GET https://serviceusage.googleapis.com/v1/projects/darksaju/services/cloudfunctions.googleapis.com x-goog-quota-user=projects/darksaju
[debug] [2025-12-31T03:18:48.427Z] >>> [apiv2][query] GET https://serviceusage.googleapis.com/v1/projects/darksaju/services/firebaseapphosting.googleapis.com [none]
[debug] [2025-12-31T03:18:48.427Z] >>> [apiv2][(partial)header] GET https://serviceusage.googleapis.com/v1/projects/darksaju/services/firebaseapphosting.googleapis.com x-goog-quota-user=projects/darksaju
[debug] [2025-12-31T03:18:48.427Z] >>> [apiv2][query] GET https://serviceusage.googleapis.com/v1/projects/darksaju/services/firebaseio.com [none]
[debug] [2025-12-31T03:18:48.427Z] >>> [apiv2][(partial)header] GET https://serviceusage.googleapis.com/v1/projects/darksaju/services/firebaseio.com x-goog-quota-user=projects/darksaju
[debug] [2025-12-31T03:18:49.410Z] <<< [apiv2][status] GET https://cloudbilling.googleapis.com/v1/projects/darksaju/billingInfo 200
[debug] [2025-12-31T03:18:49.410Z] <<< [apiv2][body] GET https://cloudbilling.googleapis.com/v1/projects/darksaju/billingInfo {"name":"projects/darksaju/billingInfo","projectId":"darksaju","billingAccountName":"billingAccounts/01F566-063FB8-11948C","billingEnabled":true}
[debug] [2025-12-31T03:18:49.411Z] Checked if tokens are valid: true, expires at: 1767154406342
[debug] [2025-12-31T03:18:49.411Z] Checked if tokens are valid: true, expires at: 1767154406342
[debug] [2025-12-31T03:18:49.411Z] Checked if tokens are valid: true, expires at: 1767154406342
[debug] [2025-12-31T03:18:49.411Z] Checked if tokens are valid: true, expires at: 1767154406342
[debug] [2025-12-31T03:18:49.412Z] Checked if tokens are valid: true, expires at: 1767154406342
[debug] [2025-12-31T03:18:49.412Z] Checked if tokens are valid: true, expires at: 1767154406342
[debug] [2025-12-31T03:18:49.412Z] Checked if tokens are valid: true, expires at: 1767154406342
[debug] [2025-12-31T03:18:49.412Z] Checked if tokens are valid: true, expires at: 1767154406342
[debug] [2025-12-31T03:18:49.412Z] >>> [apiv2][query] GET https://serviceusage.googleapis.com/v1/projects/darksaju/services/firebasedataconnect.googleapis.com [none]
[debug] [2025-12-31T03:18:49.412Z] >>> [apiv2][(partial)header] GET https://serviceusage.googleapis.com/v1/projects/darksaju/services/firebasedataconnect.googleapis.com x-goog-quota-user=projects/darksaju
[debug] [2025-12-31T03:18:49.413Z] >>> [apiv2][query] GET https://serviceusage.googleapis.com/v1/projects/darksaju/services/cloudfunctions.googleapis.com [none]
[debug] [2025-12-31T03:18:49.413Z] >>> [apiv2][(partial)header] GET https://serviceusage.googleapis.com/v1/projects/darksaju/services/cloudfunctions.googleapis.com x-goog-quota-user=projects/darksaju
[debug] [2025-12-31T03:18:49.413Z] >>> [apiv2][query] GET https://serviceusage.googleapis.com/v1/projects/darksaju/services/firebaseapphosting.googleapis.com [none]
[debug] [2025-12-31T03:18:49.413Z] >>> [apiv2][(partial)header] GET https://serviceusage.googleapis.com/v1/projects/darksaju/services/firebaseapphosting.googleapis.com x-goog-quota-user=projects/darksaju
[debug] [2025-12-31T03:18:49.413Z] >>> [apiv2][query] GET https://serviceusage.googleapis.com/v1/projects/darksaju/services/firebaseio.com [none]
[debug] [2025-12-31T03:18:49.413Z] >>> [apiv2][(partial)header] GET https://serviceusage.googleapis.com/v1/projects/darksaju/services/firebaseio.com x-goog-quota-user=projects/darksaju
[debug] [2025-12-31T03:18:49.431Z] <<< [apiv2][status] GET https://serviceusage.googleapis.com/v1/projects/darksaju/services/firebaseio.com 403
[debug] [2025-12-31T03:18:49.431Z] <<< [apiv2][body] GET https://serviceusage.googleapis.com/v1/projects/darksaju/services/firebaseio.com [omitted]
[debug] [2025-12-31T03:18:49.487Z] <<< [apiv2][status] GET https://serviceusage.googleapis.com/v1/projects/darksaju/services/cloudfunctions.googleapis.com 403
[debug] [2025-12-31T03:18:49.487Z] <<< [apiv2][body] GET https://serviceusage.googleapis.com/v1/projects/darksaju/services/cloudfunctions.googleapis.com [omitted]
[debug] [2025-12-31T03:18:49.487Z] <<< [apiv2][status] GET https://serviceusage.googleapis.com/v1/projects/darksaju/services/firebaseapphosting.googleapis.com 403
[debug] [2025-12-31T03:18:49.487Z] <<< [apiv2][body] GET https://serviceusage.googleapis.com/v1/projects/darksaju/services/firebaseapphosting.googleapis.com [omitted]
[debug] [2025-12-31T03:18:49.488Z] <<< [apiv2][status] GET https://serviceusage.googleapis.com/v1/projects/darksaju/services/firebasedataconnect.googleapis.com 403
[debug] [2025-12-31T03:18:49.488Z] <<< [apiv2][body] GET https://serviceusage.googleapis.com/v1/projects/darksaju/services/firebasedataconnect.googleapis.com [omitted]
[debug] [2025-12-31T03:18:49.514Z] <<< [apiv2][status] GET https://cloudbilling.googleapis.com/v1/projects/darksaju/billingInfo 200
[debug] [2025-12-31T03:18:49.514Z] <<< [apiv2][body] GET https://cloudbilling.googleapis.com/v1/projects/darksaju/billingInfo {"name":"projects/darksaju/billingInfo","projectId":"darksaju","billingAccountName":"billingAccounts/01F566-063FB8-11948C","billingEnabled":true}
[debug] [2025-12-31T03:18:49.556Z] > command requires scopes: ["email","openid","https://www.googleapis.com/auth/cloudplatformprojects.readonly","https://www.googleapis.com/auth/firebase","https://www.googleapis.com/auth/cloud-platform"]
[debug] [2025-12-31T03:18:49.556Z] > authorizing via signed-in user (roy@ycse.kr)
[debug] [2025-12-31T03:18:49.556Z] Checked if tokens are valid: true, expires at: 1767154406342
[debug] [2025-12-31T03:18:49.556Z] Checked if tokens are valid: true, expires at: 1767154406342
[debug] [2025-12-31T03:18:49.556Z] >>> [apiv2][query] GET https://cloudbilling.googleapis.com/v1/projects/darksaju/billingInfo [none]
[debug] [2025-12-31T03:18:50.424Z] <<< [apiv2][status] GET https://serviceusage.googleapis.com/v1/projects/darksaju/services/firebaseio.com 403
[debug] [2025-12-31T03:18:50.424Z] <<< [apiv2][body] GET https://serviceusage.googleapis.com/v1/projects/darksaju/services/firebaseio.com [omitted]
[debug] [2025-12-31T03:18:50.492Z] <<< [apiv2][status] GET https://serviceusage.googleapis.com/v1/projects/darksaju/services/firebaseapphosting.googleapis.com 403
[debug] [2025-12-31T03:18:50.492Z] <<< [apiv2][body] GET https://serviceusage.googleapis.com/v1/projects/darksaju/services/firebaseapphosting.googleapis.com [omitted]
[debug] [2025-12-31T03:18:50.492Z] <<< [apiv2][status] GET https://serviceusage.googleapis.com/v1/projects/darksaju/services/cloudfunctions.googleapis.com 403
[debug] [2025-12-31T03:18:50.492Z] <<< [apiv2][body] GET https://serviceusage.googleapis.com/v1/projects/darksaju/services/cloudfunctions.googleapis.com [omitted]
[debug] [2025-12-31T03:18:50.492Z] <<< [apiv2][status] GET https://serviceusage.googleapis.com/v1/projects/darksaju/services/firebasedataconnect.googleapis.com 403
[debug] [2025-12-31T03:18:50.492Z] <<< [apiv2][body] GET https://serviceusage.googleapis.com/v1/projects/darksaju/services/firebasedataconnect.googleapis.com [omitted]
[debug] [2025-12-31T03:18:50.566Z] > command requires scopes: ["email","openid","https://www.googleapis.com/auth/cloudplatformprojects.readonly","https://www.googleapis.com/auth/firebase","https://www.googleapis.com/auth/cloud-platform"]
[debug] [2025-12-31T03:18:50.566Z] > authorizing via signed-in user (roy@ycse.kr)
[debug] [2025-12-31T03:18:50.566Z] Checked if tokens are valid: true, expires at: 1767154406342
[debug] [2025-12-31T03:18:50.566Z] Checked if tokens are valid: true, expires at: 1767154406342
[debug] [2025-12-31T03:18:50.566Z] >>> [apiv2][query] GET https://cloudbilling.googleapis.com/v1/projects/darksaju/billingInfo [none]
[debug] [2025-12-31T03:18:50.675Z] <<< [apiv2][status] GET https://cloudbilling.googleapis.com/v1/projects/darksaju/billingInfo 200
[debug] [2025-12-31T03:18:50.675Z] <<< [apiv2][body] GET https://cloudbilling.googleapis.com/v1/projects/darksaju/billingInfo {"name":"projects/darksaju/billingInfo","projectId":"darksaju","billingAccountName":"billingAccounts/01F566-063FB8-11948C","billingEnabled":true}
[debug] [2025-12-31T03:18:50.675Z] > command requires scopes: ["email","openid","https://www.googleapis.com/auth/cloudplatformprojects.readonly","https://www.googleapis.com/auth/firebase","https://www.googleapis.com/auth/cloud-platform"]
[debug] [2025-12-31T03:18:50.675Z] > authorizing via signed-in user (roy@ycse.kr)
[debug] [2025-12-31T03:18:50.999Z] <<< [apiv2][status] GET https://cloudbilling.googleapis.com/v1/projects/darksaju/billingInfo 200
[debug] [2025-12-31T03:18:50.999Z] <<< [apiv2][body] GET https://cloudbilling.googleapis.com/v1/projects/darksaju/billingInfo {"name":"projects/darksaju/billingInfo","projectId":"darksaju","billingAccountName":"billingAccounts/01F566-063FB8-11948C","billingEnabled":true}
[debug] [2025-12-31T03:18:51.000Z] > command requires scopes: ["email","openid","https://www.googleapis.com/auth/cloudplatformprojects.readonly","https://www.googleapis.com/auth/firebase","https://www.googleapis.com/auth/cloud-platform"]
[debug] [2025-12-31T03:18:51.000Z] > authorizing via signed-in user (roy@ycse.kr)
[debug] [2025-12-31T03:18:57.872Z] > command requires scopes: ["email","openid","https://www.googleapis.com/auth/cloudplatformprojects.readonly","https://www.googleapis.com/auth/firebase","https://www.googleapis.com/auth/cloud-platform"]
[debug] [2025-12-31T03:18:57.873Z] > authorizing via signed-in user (roy@ycse.kr)
[debug] [2025-12-31T03:18:57.873Z] > command requires scopes: ["email","openid","https://www.googleapis.com/auth/cloudplatformprojects.readonly","https://www.googleapis.com/auth/firebase","https://www.googleapis.com/auth/cloud-platform"]
[debug] [2025-12-31T03:18:57.873Z] > authorizing via signed-in user (roy@ycse.kr)
[debug] [2025-12-31T03:18:57.874Z] Checked if tokens are valid: true, expires at: 1767154406342
[debug] [2025-12-31T03:18:57.874Z] Checked if tokens are valid: true, expires at: 1767154406342
[debug] [2025-12-31T03:18:57.874Z] Checked if tokens are valid: true, expires at: 1767154406342
[debug] [2025-12-31T03:18:57.874Z] Checked if tokens are valid: true, expires at: 1767154406342
[debug] [2025-12-31T03:18:57.874Z] > command requires scopes: ["email","openid","https://www.googleapis.com/auth/cloudplatformprojects.readonly","https://www.googleapis.com/auth/firebase","https://www.googleapis.com/auth/cloud-platform"]
[debug] [2025-12-31T03:18:57.874Z] > authorizing via signed-in user (roy@ycse.kr)
[debug] [2025-12-31T03:18:57.874Z] Checked if tokens are valid: true, expires at: 1767154406342
[debug] [2025-12-31T03:18:57.874Z] Checked if tokens are valid: true, expires at: 1767154406342
[debug] [2025-12-31T03:18:57.874Z] >>> [apiv2][query] GET https://cloudbilling.googleapis.com/v1/projects/darksaju/billingInfo [none]
[debug] [2025-12-31T03:18:57.875Z] >>> [apiv2][query] GET https://cloudbilling.googleapis.com/v1/projects/darksaju/billingInfo [none]
[debug] [2025-12-31T03:18:57.875Z] >>> [apiv2][query] GET https://cloudbilling.googleapis.com/v1/projects/darksaju/billingInfo [none]
[debug] [2025-12-31T03:18:59.011Z] <<< [apiv2][status] GET https://cloudbilling.googleapis.com/v1/projects/darksaju/billingInfo 200
[debug] [2025-12-31T03:18:59.011Z] <<< [apiv2][body] GET https://cloudbilling.googleapis.com/v1/projects/darksaju/billingInfo {"name":"projects/darksaju/billingInfo","projectId":"darksaju","billingAccountName":"billingAccounts/01F566-063FB8-11948C","billingEnabled":true}
[debug] [2025-12-31T03:18:59.014Z] Checked if tokens are valid: true, expires at: 1767154406342
[debug] [2025-12-31T03:18:59.014Z] Checked if tokens are valid: true, expires at: 1767154406342
[debug] [2025-12-31T03:18:59.014Z] Checked if tokens are valid: true, expires at: 1767154406342
[debug] [2025-12-31T03:18:59.014Z] Checked if tokens are valid: true, expires at: 1767154406342
[debug] [2025-12-31T03:18:59.018Z] Checked if tokens are valid: true, expires at: 1767154406342
[debug] [2025-12-31T03:18:59.018Z] Checked if tokens are valid: true, expires at: 1767154406342
[debug] [2025-12-31T03:18:59.018Z] Checked if tokens are valid: true, expires at: 1767154406342
[debug] [2025-12-31T03:18:59.018Z] Checked if tokens are valid: true, expires at: 1767154406342
[debug] [2025-12-31T03:18:59.018Z] >>> [apiv2][query] GET https://serviceusage.googleapis.com/v1/projects/darksaju/services/firebasedataconnect.googleapis.com [none]
[debug] [2025-12-31T03:18:59.018Z] >>> [apiv2][(partial)header] GET https://serviceusage.googleapis.com/v1/projects/darksaju/services/firebasedataconnect.googleapis.com x-goog-quota-user=projects/darksaju
[debug] [2025-12-31T03:18:59.019Z] >>> [apiv2][query] GET https://serviceusage.googleapis.com/v1/projects/darksaju/services/cloudfunctions.googleapis.com [none]
[debug] [2025-12-31T03:18:59.019Z] >>> [apiv2][(partial)header] GET https://serviceusage.googleapis.com/v1/projects/darksaju/services/cloudfunctions.googleapis.com x-goog-quota-user=projects/darksaju
[debug] [2025-12-31T03:18:59.019Z] >>> [apiv2][query] GET https://serviceusage.googleapis.com/v1/projects/darksaju/services/firebaseapphosting.googleapis.com [none]
[debug] [2025-12-31T03:18:59.019Z] >>> [apiv2][(partial)header] GET https://serviceusage.googleapis.com/v1/projects/darksaju/services/firebaseapphosting.googleapis.com x-goog-quota-user=projects/darksaju
[debug] [2025-12-31T03:18:59.020Z] >>> [apiv2][query] GET https://serviceusage.googleapis.com/v1/projects/darksaju/services/firebaseio.com [none]
[debug] [2025-12-31T03:18:59.020Z] >>> [apiv2][(partial)header] GET https://serviceusage.googleapis.com/v1/projects/darksaju/services/firebaseio.com x-goog-quota-user=projects/darksaju
[debug] [2025-12-31T03:18:59.023Z] <<< [apiv2][status] GET https://cloudbilling.googleapis.com/v1/projects/darksaju/billingInfo 200
[debug] [2025-12-31T03:18:59.023Z] <<< [apiv2][body] GET https://cloudbilling.googleapis.com/v1/projects/darksaju/billingInfo {"name":"projects/darksaju/billingInfo","projectId":"darksaju","billingAccountName":"billingAccounts/01F566-063FB8-11948C","billingEnabled":true}
[debug] [2025-12-31T03:18:59.024Z] Checked if tokens are valid: true, expires at: 1767154406342
[debug] [2025-12-31T03:18:59.024Z] Checked if tokens are valid: true, expires at: 1767154406342
[debug] [2025-12-31T03:18:59.024Z] Checked if tokens are valid: true, expires at: 1767154406342
[debug] [2025-12-31T03:18:59.024Z] Checked if tokens are valid: true, expires at: 1767154406342
[debug] [2025-12-31T03:18:59.025Z] Checked if tokens are valid: true, expires at: 1767154406342
[debug] [2025-12-31T03:18:59.025Z] Checked if tokens are valid: true, expires at: 1767154406342
[debug] [2025-12-31T03:18:59.025Z] Checked if tokens are valid: true, expires at: 1767154406342
[debug] [2025-12-31T03:18:59.025Z] Checked if tokens are valid: true, expires at: 1767154406342
[debug] [2025-12-31T03:18:59.026Z] >>> [apiv2][query] GET https://serviceusage.googleapis.com/v1/projects/darksaju/services/firebasedataconnect.googleapis.com [none]
[debug] [2025-12-31T03:18:59.026Z] >>> [apiv2][(partial)header] GET https://serviceusage.googleapis.com/v1/projects/darksaju/services/firebasedataconnect.googleapis.com x-goog-quota-user=projects/darksaju
[debug] [2025-12-31T03:18:59.026Z] >>> [apiv2][query] GET https://serviceusage.googleapis.com/v1/projects/darksaju/services/cloudfunctions.googleapis.com [none]
[debug] [2025-12-31T03:18:59.026Z] >>> [apiv2][(partial)header] GET https://serviceusage.googleapis.com/v1/projects/darksaju/services/cloudfunctions.googleapis.com x-goog-quota-user=projects/darksaju
[debug] [2025-12-31T03:18:59.027Z] >>> [apiv2][query] GET https://serviceusage.googleapis.com/v1/projects/darksaju/services/firebaseapphosting.googleapis.com [none]
[debug] [2025-12-31T03:18:59.027Z] >>> [apiv2][(partial)header] GET https://serviceusage.googleapis.com/v1/projects/darksaju/services/firebaseapphosting.googleapis.com x-goog-quota-user=projects/darksaju
[debug] [2025-12-31T03:18:59.027Z] >>> [apiv2][query] GET https://serviceusage.googleapis.com/v1/projects/darksaju/services/firebaseio.com [none]
[debug] [2025-12-31T03:18:59.027Z] >>> [apiv2][(partial)header] GET https://serviceusage.googleapis.com/v1/projects/darksaju/services/firebaseio.com x-goog-quota-user=projects/darksaju
[debug] [2025-12-31T03:18:59.029Z] <<< [apiv2][status] GET https://cloudbilling.googleapis.com/v1/projects/darksaju/billingInfo 200
[debug] [2025-12-31T03:18:59.029Z] <<< [apiv2][body] GET https://cloudbilling.googleapis.com/v1/projects/darksaju/billingInfo {"name":"projects/darksaju/billingInfo","projectId":"darksaju","billingAccountName":"billingAccounts/01F566-063FB8-11948C","billingEnabled":true}
[debug] [2025-12-31T03:18:59.029Z] Checked if tokens are valid: true, expires at: 1767154406342
[debug] [2025-12-31T03:18:59.029Z] Checked if tokens are valid: true, expires at: 1767154406342
[debug] [2025-12-31T03:18:59.030Z] Checked if tokens are valid: true, expires at: 1767154406342
[debug] [2025-12-31T03:18:59.030Z] Checked if tokens are valid: true, expires at: 1767154406342
[debug] [2025-12-31T03:18:59.031Z] Checked if tokens are valid: true, expires at: 1767154406342
[debug] [2025-12-31T03:18:59.031Z] Checked if tokens are valid: true, expires at: 1767154406342
[debug] [2025-12-31T03:18:59.031Z] Checked if tokens are valid: true, expires at: 1767154406342
[debug] [2025-12-31T03:18:59.031Z] Checked if tokens are valid: true, expires at: 1767154406342
[debug] [2025-12-31T03:18:59.031Z] >>> [apiv2][query] GET https://serviceusage.googleapis.com/v1/projects/darksaju/services/firebasedataconnect.googleapis.com [none]
[debug] [2025-12-31T03:18:59.031Z] >>> [apiv2][(partial)header] GET https://serviceusage.googleapis.com/v1/projects/darksaju/services/firebasedataconnect.googleapis.com x-goog-quota-user=projects/darksaju
[debug] [2025-12-31T03:18:59.031Z] >>> [apiv2][query] GET https://serviceusage.googleapis.com/v1/projects/darksaju/services/cloudfunctions.googleapis.com [none]
[debug] [2025-12-31T03:18:59.031Z] >>> [apiv2][(partial)header] GET https://serviceusage.googleapis.com/v1/projects/darksaju/services/cloudfunctions.googleapis.com x-goog-quota-user=projects/darksaju
[debug] [2025-12-31T03:18:59.032Z] >>> [apiv2][query] GET https://serviceusage.googleapis.com/v1/projects/darksaju/services/firebaseapphosting.googleapis.com [none]
[debug] [2025-12-31T03:18:59.032Z] >>> [apiv2][(partial)header] GET https://serviceusage.googleapis.com/v1/projects/darksaju/services/firebaseapphosting.googleapis.com x-goog-quota-user=projects/darksaju
[debug] [2025-12-31T03:18:59.032Z] >>> [apiv2][query] GET https://serviceusage.googleapis.com/v1/projects/darksaju/services/firebaseio.com [none]
[debug] [2025-12-31T03:18:59.032Z] >>> [apiv2][(partial)header] GET https://serviceusage.googleapis.com/v1/projects/darksaju/services/firebaseio.com x-goog-quota-user=projects/darksaju
[debug] [2025-12-31T03:19:00.016Z] <<< [apiv2][status] GET https://serviceusage.googleapis.com/v1/projects/darksaju/services/firebaseio.com 403
[debug] [2025-12-31T03:19:00.016Z] <<< [apiv2][body] GET https://serviceusage.googleapis.com/v1/projects/darksaju/services/firebaseio.com [omitted]
[debug] [2025-12-31T03:19:00.017Z] <<< [apiv2][status] GET https://serviceusage.googleapis.com/v1/projects/darksaju/services/firebaseio.com 403
[debug] [2025-12-31T03:19:00.017Z] <<< [apiv2][body] GET https://serviceusage.googleapis.com/v1/projects/darksaju/services/firebaseio.com [omitted]
[debug] [2025-12-31T03:19:00.018Z] <<< [apiv2][status] GET https://serviceusage.googleapis.com/v1/projects/darksaju/services/firebaseio.com 403
[debug] [2025-12-31T03:19:00.018Z] <<< [apiv2][body] GET https://serviceusage.googleapis.com/v1/projects/darksaju/services/firebaseio.com [omitted]
[debug] [2025-12-31T03:19:00.101Z] <<< [apiv2][status] GET https://serviceusage.googleapis.com/v1/projects/darksaju/services/firebasedataconnect.googleapis.com 403
[debug] [2025-12-31T03:19:00.101Z] <<< [apiv2][body] GET https://serviceusage.googleapis.com/v1/projects/darksaju/services/firebasedataconnect.googleapis.com [omitted]
[debug] [2025-12-31T03:19:00.101Z] <<< [apiv2][status] GET https://serviceusage.googleapis.com/v1/projects/darksaju/services/cloudfunctions.googleapis.com 403
[debug] [2025-12-31T03:19:00.101Z] <<< [apiv2][body] GET https://serviceusage.googleapis.com/v1/projects/darksaju/services/cloudfunctions.googleapis.com [omitted]
[debug] [2025-12-31T03:19:00.102Z] <<< [apiv2][status] GET https://serviceusage.googleapis.com/v1/projects/darksaju/services/firebaseapphosting.googleapis.com 403
[debug] [2025-12-31T03:19:00.102Z] <<< [apiv2][body] GET https://serviceusage.googleapis.com/v1/projects/darksaju/services/firebaseapphosting.googleapis.com [omitted]
[debug] [2025-12-31T03:19:00.988Z] <<< [apiv2][status] GET https://serviceusage.googleapis.com/v1/projects/darksaju/services/cloudfunctions.googleapis.com 403
[debug] [2025-12-31T03:19:00.988Z] <<< [apiv2][body] GET https://serviceusage.googleapis.com/v1/projects/darksaju/services/cloudfunctions.googleapis.com [omitted]
[debug] [2025-12-31T03:19:00.991Z] <<< [apiv2][status] GET https://serviceusage.googleapis.com/v1/projects/darksaju/services/firebaseapphosting.googleapis.com 403
[debug] [2025-12-31T03:19:00.991Z] <<< [apiv2][body] GET https://serviceusage.googleapis.com/v1/projects/darksaju/services/firebaseapphosting.googleapis.com [omitted]
[debug] [2025-12-31T03:19:00.992Z] <<< [apiv2][status] GET https://serviceusage.googleapis.com/v1/projects/darksaju/services/firebasedataconnect.googleapis.com 403
[debug] [2025-12-31T03:19:00.992Z] <<< [apiv2][body] GET https://serviceusage.googleapis.com/v1/projects/darksaju/services/firebasedataconnect.googleapis.com [omitted]
[debug] [2025-12-31T03:19:00.992Z] <<< [apiv2][status] GET https://serviceusage.googleapis.com/v1/projects/darksaju/services/cloudfunctions.googleapis.com 403
[debug] [2025-12-31T03:19:00.992Z] <<< [apiv2][body] GET https://serviceusage.googleapis.com/v1/projects/darksaju/services/cloudfunctions.googleapis.com [omitted]
[debug] [2025-12-31T03:19:00.992Z] <<< [apiv2][status] GET https://serviceusage.googleapis.com/v1/projects/darksaju/services/firebaseapphosting.googleapis.com 403
[debug] [2025-12-31T03:19:00.992Z] <<< [apiv2][body] GET https://serviceusage.googleapis.com/v1/projects/darksaju/services/firebaseapphosting.googleapis.com [omitted]
[debug] [2025-12-31T03:19:01.069Z] > command requires scopes: ["email","openid","https://www.googleapis.com/auth/cloudplatformprojects.readonly","https://www.googleapis.com/auth/firebase","https://www.googleapis.com/auth/cloud-platform"]
[debug] [2025-12-31T03:19:01.069Z] > authorizing via signed-in user (roy@ycse.kr)
[debug] [2025-12-31T03:19:01.070Z] Checked if tokens are valid: true, expires at: 1767154406342
[debug] [2025-12-31T03:19:01.070Z] Checked if tokens are valid: true, expires at: 1767154406342
[debug] [2025-12-31T03:19:01.070Z] >>> [apiv2][query] GET https://cloudbilling.googleapis.com/v1/projects/darksaju/billingInfo [none]
[debug] [2025-12-31T03:19:01.090Z] <<< [apiv2][status] GET https://serviceusage.googleapis.com/v1/projects/darksaju/services/firebasedataconnect.googleapis.com 403
[debug] [2025-12-31T03:19:01.090Z] <<< [apiv2][body] GET https://serviceusage.googleapis.com/v1/projects/darksaju/services/firebasedataconnect.googleapis.com [omitted]
[debug] [2025-12-31T03:19:01.167Z] > command requires scopes: ["email","openid","https://www.googleapis.com/auth/cloudplatformprojects.readonly","https://www.googleapis.com/auth/firebase","https://www.googleapis.com/auth/cloud-platform"]
[debug] [2025-12-31T03:19:01.167Z] > authorizing via signed-in user (roy@ycse.kr)
[debug] [2025-12-31T03:19:01.167Z] Checked if tokens are valid: true, expires at: 1767154406342
[debug] [2025-12-31T03:19:01.167Z] Checked if tokens are valid: true, expires at: 1767154406342
[debug] [2025-12-31T03:19:01.167Z] >>> [apiv2][query] GET https://cloudbilling.googleapis.com/v1/projects/darksaju/billingInfo [none]
[debug] [2025-12-31T03:19:01.608Z] <<< [apiv2][status] GET https://cloudbilling.googleapis.com/v1/projects/darksaju/billingInfo 200
[debug] [2025-12-31T03:19:01.608Z] <<< [apiv2][body] GET https://cloudbilling.googleapis.com/v1/projects/darksaju/billingInfo {"name":"projects/darksaju/billingInfo","projectId":"darksaju","billingAccountName":"billingAccounts/01F566-063FB8-11948C","billingEnabled":true}
[debug] [2025-12-31T03:19:01.608Z] > command requires scopes: ["email","openid","https://www.googleapis.com/auth/cloudplatformprojects.readonly","https://www.googleapis.com/auth/firebase","https://www.googleapis.com/auth/cloud-platform"]
[debug] [2025-12-31T03:19:01.609Z] > authorizing via signed-in user (roy@ycse.kr)
[debug] [2025-12-31T03:19:02.091Z] <<< [apiv2][status] GET https://cloudbilling.googleapis.com/v1/projects/darksaju/billingInfo 200
[debug] [2025-12-31T03:19:02.091Z] <<< [apiv2][body] GET https://cloudbilling.googleapis.com/v1/projects/darksaju/billingInfo {"name":"projects/darksaju/billingInfo","projectId":"darksaju","billingAccountName":"billingAccounts/01F566-063FB8-11948C","billingEnabled":true}
[debug] [2025-12-31T03:19:02.092Z] > command requires scopes: ["email","openid","https://www.googleapis.com/auth/cloudplatformprojects.readonly","https://www.googleapis.com/auth/firebase","https://www.googleapis.com/auth/cloud-platform"]
[debug] [2025-12-31T03:19:02.092Z] > authorizing via signed-in user (roy@ycse.kr)
